
                                      ARENA Simulation Results
                                                viral

                                  Summary for Replication 1 of 1

Project: Unnamed Project                                             Run execution date : 9/24/2022
Analyst: viral                                                       Model revision date: 9/24/2022

Replication ended at time      : 10000.0 Seconds 
Base Time Units: Seconds

                                           TALLY VARIABLES

Identifier                                  Average   Half Width  Minimum    Maximum   Observations
___________________________________________________________________________________________________

Inspection process.VATimePerEntity          137.54     (Insuf)    109.30     171.14         44    
Workstation process.TotalTimePerEntity      56.222     9.7178     16.237     151.10        447    
Inspection process.TotalTimePerEntity       227.90     (Insuf)    109.30     527.30         44    
Workstation process.WaitTimePerEntity       37.339     9.7112     .00000     132.35        447    
Workstation process.VATimePerEntity         18.882     .10876     16.159     21.844        447    
Inspection process.WaitTimePerEntity        90.358     (Insuf)    .00000     405.25         44    
Entity 1.VATime                             32.474     3.4039     16.159     191.64        445    
Entity 1.NVATime                            .00000     .00000     .00000     .00000        445    
Entity 1.WaitTime                           46.107     10.131     .00000     412.27        445    
Entity 1.TranTime                           .00000     .00000     .00000     .00000        445    
Entity 1.OtherTime                          .00000     .00000     .00000     .00000        445    
Entity 1.TotalTime                          78.582     11.100     16.237     554.88        445    
Inspection process.Queue.WaitingTime        88.350     (Insuf)    .00000     405.25         45    
Workstation process.Queue.WaitingTime       37.488     9.5933     .00000     132.35        448    

                                     DISCRETE-CHANGE VARIABLES

Identifier                                  Average   Half Width  Minimum    Maximum   Final Value
___________________________________________________________________________________________________

Entity 1.WIP                                3.6155     (Corr)     .00000     15.000     12.000    
Inspection.NumberBusy                       .61528     (Insuf)    .00000     1.0000     1.0000    
Inspection.NumberScheduled                  1.0000     (Insuf)    1.0000     1.0000     1.0000    
Inspection.Utilization                      .61528     (Insuf)    .00000     1.0000     1.0000    
Workstation.NumberBusy                      .84439     (Insuf)    .00000     1.0000     1.0000    
Workstation.NumberScheduled                 1.0000     (Insuf)    1.0000     1.0000     1.0000    
Workstation.Utilization                     .84439     (Insuf)    .00000     1.0000     1.0000    
Inspection process.Queue.NumberInQueue      .40556     (Insuf)    .00000     3.0000     1.0000    
Workstation process.Queue.NumberInQueue     1.7503     .50039     .00000     12.000     9.0000    

                                             COUNTERS

Identifier                                    Count   Limit
_____________________________________________________________

Number of inspected parts                        44  Infinite
Number of scrapped parts                          4  Infinite
Number of good parts                            441  Infinite

                                             OUTPUTS

Identifier                                   Value
_____________________________________________________________

Workstation process Accum Wait Time         16690.    
Inspection process Accum VA Time            6051.9    
Workstation process Accum VA Time           8440.6    
Workstation process Number In               457.00    
Inspection process Accum Wait Time          3975.7    
Workstation process Number Out              447.00    
Inspection process Number In                46.000    
Inspection process Number Out               44.000    
Entity 1.NumberIn                           457.00    
Entity 1.NumberOut                          445.00    
Inspection.NumberSeized                     45.000    
Inspection.ScheduledUtilization             .61528    
Workstation.NumberSeized                    448.00    
Workstation.ScheduledUtilization            .84439    
System.NumberOut                            445.00    


Simulation run time: 0.03 minutes.
Simulation run complete.
